Using pre-set license

 COMMAND LINE ARGUMENTS:
/Applications/Unity/Hub/Editor/2020.3.0f1/Unity.app/Contents/MacOS/Unity
-adb2
-batchMode
-noUpm
-name
AssetImportWorker0
-projectPath
/Users/apunjabi/Documents/Unity3dProjects/PizzaDelivery
-logFile
Logs/AssetImportWorker0.log
-srvPort
62481
Successfully changed project path to: /Users/apunjabi/Documents/Unity3dProjects/PizzaDelivery
/Users/apunjabi/Documents/Unity3dProjects/PizzaDelivery
Using Asset Import Pipeline V2.
Refreshing native plugins compatible for Editor in 43.68 ms, found 2 plugins.
Preloading 0 native plugins for Editor in 0.00 ms.
Initialize engine version: 2020.3.0f1 (c7b5465681fb)
[Subsystems] Discovering subsystems at path /Applications/Unity/Hub/Editor/2020.3.0f1/Unity.app/Contents/Resources/UnitySubsystems
[Subsystems] Discovering subsystems at path /Users/apunjabi/Documents/Unity3dProjects/PizzaDelivery/Assets
GfxDevice: creating device client; threaded=0
2021-03-16 13:54:27.338 Unity[64868:7605987] Color LCD preferred device: AMD Radeon Pro 555 (high power)
2021-03-16 13:54:27.338 Unity[64868:7605987] Metal devices available: 2
2021-03-16 13:54:27.338 Unity[64868:7605987] 0: AMD Radeon Pro 555 (high power)
2021-03-16 13:54:27.338 Unity[64868:7605987] 1: Intel(R) HD Graphics 630 (low power)
2021-03-16 13:54:27.343 Unity[64868:7605987] Using device AMD Radeon Pro 555 (high power)
Initializing Metal device caps: AMD Radeon Pro 555
Initialize mono
Mono path[0] = '/Applications/Unity/Hub/Editor/2020.3.0f1/Unity.app/Contents/Managed'
Mono path[1] = '/Applications/Unity/Hub/Editor/2020.3.0f1/Unity.app/Contents/MonoBleedingEdge/lib/mono/unityjit'
Mono config path = '/Applications/Unity/Hub/Editor/2020.3.0f1/Unity.app/Contents/MonoBleedingEdge/etc'
Using monoOptions --debugger-agent=transport=dt_socket,embedding=1,server=y,suspend=n,address=127.0.0.1:56868
Begin MonoManager ReloadAssembly
Registering precompiled unity dll's ...
Register platform support module: /Applications/Unity/Hub/Editor/2020.3.0f1/PlaybackEngines/WebGLSupport/UnityEditor.WebGL.Extensions.dll
Register platform support module: /Applications/Unity/Hub/Editor/2020.3.0f1/Unity.app/Contents/PlaybackEngines/MacStandaloneSupport/UnityEditor.OSXStandalone.Extensions.dll
Register platform support module: /Applications/Unity/Hub/Editor/2020.3.0f1/PlaybackEngines/WindowsStandaloneSupport/UnityEditor.WindowsStandalone.Extensions.dll
Registered in 0.000934 seconds.
Native extension for WindowsStandalone target not found
Native extension for OSXStandalone target not found
Native extension for WebGL target not found
Refreshing native plugins compatible for Editor in 37.88 ms, found 2 plugins.
Preloading 0 native plugins for Editor in 0.00 ms.
Invoked RoslynAnalysisRunner static constructor.
RoslynAnalysisRunner will not be running.
RoslynAnalysisRunner has terminated.
Mono: successfully reloaded assembly
- Completed reload, in  3.421 seconds
Platform modules already initialized, skipping
Registering precompiled user dll's ...
Registered in 0.000818 seconds.
Begin MonoManager ReloadAssembly
Native extension for WindowsStandalone target not found
Native extension for OSXStandalone target not found
Native extension for WebGL target not found
Refreshing native plugins compatible for Editor in 36.86 ms, found 2 plugins.
Preloading 0 native plugins for Editor in 0.00 ms.
Invoked RoslynAnalysisRunner static constructor.
RoslynAnalysisRunner will not be running.
RoslynAnalysisRunner has terminated.
Mono: successfully reloaded assembly
- Completed reload, in  1.160 seconds
Platform modules already initialized, skipping
========================================================================
Worker process is ready to serve import requests
Launching external process: /Applications/Unity/Hub/Editor/2020.3.0f1/Unity.app/Contents/Tools/UnityShaderCompiler
Launched and connected shader compiler UnityShaderCompiler after 0.01 seconds
Refreshing native plugins compatible for Editor in 0.37 ms, found 2 plugins.
Preloading 0 native plugins for Editor in 0.00 ms.
Unloading 1808 Unused Serialized files (Serialized files now loaded: 0)
System memory in use before: 148.4 MB.
System memory in use after: 148.5 MB.

Unloading 19 unused Assets to reduce memory usage. Loaded Objects now: 2255.
Total: 2.773521 ms (FindLiveObjects: 0.251989 ms CreateObjectMapping: 0.081831 ms MarkObjects: 2.348095 ms  DeleteObjects: 0.090414 ms)

========================================================================
Received Import Request.
  path: Assets/Sprites/Straight.png
  artifactKey: Guid(ab829f6fa925940ad83490b703e2ac9d) Importer(815301076,1909f56bfc062723c751e8b465ee728b)
Start importing Assets/Sprites/Straight.png using Guid(ab829f6fa925940ad83490b703e2ac9d) Importer(815301076,1909f56bfc062723c751e8b465ee728b)  -> (artifact id: 'd3efac2c82bff2ed7e3f095059b57627') in 1.448226 seconds
  Import took 1.451741 seconds .

========================================================================
Received Import Request.
  Time since last request: 0.000460 seconds.
  path: Assets/Sprites/Curve.png
  artifactKey: Guid(082ce2facf09b4e06b91fe7c38b74721) Importer(815301076,1909f56bfc062723c751e8b465ee728b)
Start importing Assets/Sprites/Curve.png using Guid(082ce2facf09b4e06b91fe7c38b74721) Importer(815301076,1909f56bfc062723c751e8b465ee728b)  -> (artifact id: 'e38c1deeccda6c0fd0647be2a6c38281') in 0.030808 seconds
  Import took 0.033923 seconds .

========================================================================
Received Import Request.
  Time since last request: 0.000254 seconds.
  path: Assets/Sprites/car.png
  artifactKey: Guid(ea463c42065ac4fe68dcac6af7c45ba2) Importer(815301076,1909f56bfc062723c751e8b465ee728b)
Start importing Assets/Sprites/car.png using Guid(ea463c42065ac4fe68dcac6af7c45ba2) Importer(815301076,1909f56bfc062723c751e8b465ee728b)  -> (artifact id: '0f589e695a573a23d01db36addf6911c') in 0.020604 seconds
  Import took 0.024278 seconds .

========================================================================
Received Prepare
Refreshing native plugins compatible for Editor in 1.73 ms, found 2 plugins.
Preloading 0 native plugins for Editor in 0.00 ms.
Unloading 6 Unused Serialized files (Serialized files now loaded: 0)
System memory in use before: 120.8 MB.
System memory in use after: 121.0 MB.

Unloading 5 unused Assets to reduce memory usage. Loaded Objects now: 2265.
Total: 3.859735 ms (FindLiveObjects: 0.368137 ms CreateObjectMapping: 0.103310 ms MarkObjects: 3.357067 ms  DeleteObjects: 0.025345 ms)

