Using pre-set license

 COMMAND LINE ARGUMENTS:
/Applications/Unity/Hub/Editor/2020.3.0f1/Unity.app/Contents/MacOS/Unity
-adb2
-batchMode
-noUpm
-name
AssetImportWorker0
-projectPath
/Users/apunjabi/Documents/Unity3dProjects/PizzaDelivery
-logFile
Logs/AssetImportWorker0.log
-srvPort
52999
Successfully changed project path to: /Users/apunjabi/Documents/Unity3dProjects/PizzaDelivery
/Users/apunjabi/Documents/Unity3dProjects/PizzaDelivery
Using Asset Import Pipeline V2.
Refreshing native plugins compatible for Editor in 43.32 ms, found 2 plugins.
Preloading 0 native plugins for Editor in 0.00 ms.
Initialize engine version: 2020.3.0f1 (c7b5465681fb)
[Subsystems] Discovering subsystems at path /Applications/Unity/Hub/Editor/2020.3.0f1/Unity.app/Contents/Resources/UnitySubsystems
[Subsystems] Discovering subsystems at path /Users/apunjabi/Documents/Unity3dProjects/PizzaDelivery/Assets
GfxDevice: creating device client; threaded=0
2021-03-15 16:52:20.515 Unity[56326:7235612] Color LCD preferred device: AMD Radeon Pro 555 (high power)
2021-03-15 16:52:20.515 Unity[56326:7235612] Metal devices available: 2
2021-03-15 16:52:20.515 Unity[56326:7235612] 0: AMD Radeon Pro 555 (high power)
2021-03-15 16:52:20.515 Unity[56326:7235612] 1: Intel(R) HD Graphics 630 (low power)
2021-03-15 16:52:20.515 Unity[56326:7235612] Using device AMD Radeon Pro 555 (high power)
Initializing Metal device caps: AMD Radeon Pro 555
Initialize mono
Mono path[0] = '/Applications/Unity/Hub/Editor/2020.3.0f1/Unity.app/Contents/Managed'
Mono path[1] = '/Applications/Unity/Hub/Editor/2020.3.0f1/Unity.app/Contents/MonoBleedingEdge/lib/mono/unityjit'
Mono config path = '/Applications/Unity/Hub/Editor/2020.3.0f1/Unity.app/Contents/MonoBleedingEdge/etc'
Using monoOptions --debugger-agent=transport=dt_socket,embedding=1,server=y,suspend=n,address=127.0.0.1:56326
Begin MonoManager ReloadAssembly
Registering precompiled unity dll's ...
Register platform support module: /Applications/Unity/Hub/Editor/2020.3.0f1/PlaybackEngines/WebGLSupport/UnityEditor.WebGL.Extensions.dll
Register platform support module: /Applications/Unity/Hub/Editor/2020.3.0f1/Unity.app/Contents/PlaybackEngines/MacStandaloneSupport/UnityEditor.OSXStandalone.Extensions.dll
Register platform support module: /Applications/Unity/Hub/Editor/2020.3.0f1/PlaybackEngines/WindowsStandaloneSupport/UnityEditor.WindowsStandalone.Extensions.dll
Registered in 0.000932 seconds.
Native extension for WindowsStandalone target not found
Native extension for OSXStandalone target not found
Native extension for WebGL target not found
Refreshing native plugins compatible for Editor in 40.41 ms, found 2 plugins.
Preloading 0 native plugins for Editor in 0.00 ms.
Invoked RoslynAnalysisRunner static constructor.
RoslynAnalysisRunner will not be running.
RoslynAnalysisRunner has terminated.
Mono: successfully reloaded assembly
- Completed reload, in  3.900 seconds
Platform modules already initialized, skipping
Registering precompiled user dll's ...
Registered in 0.000608 seconds.
Begin MonoManager ReloadAssembly
Native extension for WindowsStandalone target not found
Native extension for OSXStandalone target not found
Native extension for WebGL target not found
Refreshing native plugins compatible for Editor in 36.49 ms, found 2 plugins.
Preloading 0 native plugins for Editor in 0.00 ms.
Invoked RoslynAnalysisRunner static constructor.
RoslynAnalysisRunner will not be running.
RoslynAnalysisRunner has terminated.
Mono: successfully reloaded assembly
- Completed reload, in  1.182 seconds
Platform modules already initialized, skipping
========================================================================
Worker process is ready to serve import requests
Launching external process: /Applications/Unity/Hub/Editor/2020.3.0f1/Unity.app/Contents/Tools/UnityShaderCompiler
Launched and connected shader compiler UnityShaderCompiler after 0.01 seconds
Refreshing native plugins compatible for Editor in 0.37 ms, found 2 plugins.
Preloading 0 native plugins for Editor in 0.00 ms.
Unloading 1806 Unused Serialized files (Serialized files now loaded: 0)
System memory in use before: 148.2 MB.
System memory in use after: 148.3 MB.

Unloading 19 unused Assets to reduce memory usage. Loaded Objects now: 2252.
Total: 2.783348 ms (FindLiveObjects: 0.325015 ms CreateObjectMapping: 0.148074 ms MarkObjects: 2.230979 ms  DeleteObjects: 0.077417 ms)

========================================================================
Received Import Request.
  path: Assets/Sprites/Straight.png
  artifactKey: Guid(ab829f6fa925940ad83490b703e2ac9d) Importer(815301076,1909f56bfc062723c751e8b465ee728b)
Start importing Assets/Sprites/Straight.png using Guid(ab829f6fa925940ad83490b703e2ac9d) Importer(815301076,1909f56bfc062723c751e8b465ee728b)  -> (artifact id: 'ca642b35887f5fa1c1db6e1b1a721458') in 1.079927 seconds
  Import took 1.084772 seconds .

========================================================================
Received Import Request.
  Time since last request: 0.000421 seconds.
  path: Assets/Sprites/Curve.png
  artifactKey: Guid(082ce2facf09b4e06b91fe7c38b74721) Importer(815301076,1909f56bfc062723c751e8b465ee728b)
Start importing Assets/Sprites/Curve.png using Guid(082ce2facf09b4e06b91fe7c38b74721) Importer(815301076,1909f56bfc062723c751e8b465ee728b)  -> (artifact id: '7f3792de6ff42388b1985dcb3f2816f2') in 0.031580 seconds
  Import took 0.035307 seconds .

========================================================================
Received Import Request.
  Time since last request: 0.001877 seconds.
  path: Assets/Sprites/Curve.png
  artifactKey: Guid(082ce2facf09b4e06b91fe7c38b74721) Importer(815301076,1909f56bfc062723c751e8b465ee728b)
Start importing Assets/Sprites/Curve.png using Guid(082ce2facf09b4e06b91fe7c38b74721) Importer(815301076,1909f56bfc062723c751e8b465ee728b)  -> (artifact id: '7f3792de6ff42388b1985dcb3f2816f2') in 0.014240 seconds
  Import took 0.018340 seconds .

========================================================================
Received Import Request.
  Time since last request: 195.485617 seconds.
  path: Assets/Prefabs
  artifactKey: Guid(b8a9d49e18e9645068eec77fe9584c86) Importer(815301076,1909f56bfc062723c751e8b465ee728b)
Start importing Assets/Prefabs using Guid(b8a9d49e18e9645068eec77fe9584c86) Importer(815301076,1909f56bfc062723c751e8b465ee728b)  -> (artifact id: '2e3842df146ba46673dd6b1b25328bf8') in 0.003417 seconds
  Import took 0.007708 seconds .

========================================================================
Received Import Request.
  Time since last request: 4.650676 seconds.
  path: Assets/Prefabs/Curve.prefab
  artifactKey: Guid(02a7689075eee4e73a5ae1b25d618f00) Importer(815301076,1909f56bfc062723c751e8b465ee728b)
Start importing Assets/Prefabs/Curve.prefab using Guid(02a7689075eee4e73a5ae1b25d618f00) Importer(815301076,1909f56bfc062723c751e8b465ee728b)  -> (artifact id: '1d9ed7513de8377bed102f749f7fc9d1') in 1.140351 seconds
  Import took 1.145936 seconds .

========================================================================
Received Prepare
Registering precompiled user dll's ...
Registered in 0.000725 seconds.
Begin MonoManager ReloadAssembly
Native extension for WindowsStandalone target not found
Native extension for OSXStandalone target not found
Native extension for WebGL target not found
Refreshing native plugins compatible for Editor in 0.51 ms, found 2 plugins.
Preloading 0 native plugins for Editor in 0.00 ms.
Invoked RoslynAnalysisRunner static constructor.
RoslynAnalysisRunner will not be running.
RoslynAnalysisRunner has terminated.
Mono: successfully reloaded assembly
- Completed reload, in  1.043 seconds
Platform modules already initialized, skipping
Refreshing native plugins compatible for Editor in 0.49 ms, found 2 plugins.
Preloading 0 native plugins for Editor in 0.00 ms.
Unloading 1797 Unused Serialized files (Serialized files now loaded: 0)
System memory in use before: 160.0 MB.
System memory in use after: 160.1 MB.

Unloading 8 unused Assets to reduce memory usage. Loaded Objects now: 2266.
Total: 2.161020 ms (FindLiveObjects: 0.347360 ms CreateObjectMapping: 0.082654 ms MarkObjects: 1.713164 ms  DeleteObjects: 0.015467 ms)

========================================================================
Received Prepare
Registering precompiled user dll's ...
Registered in 0.000721 seconds.
Begin MonoManager ReloadAssembly
Native extension for WindowsStandalone target not found
Native extension for OSXStandalone target not found
Native extension for WebGL target not found
Refreshing native plugins compatible for Editor in 0.57 ms, found 2 plugins.
Preloading 0 native plugins for Editor in 0.00 ms.
Invoked RoslynAnalysisRunner static constructor.
RoslynAnalysisRunner will not be running.
RoslynAnalysisRunner has terminated.
Mono: successfully reloaded assembly
- Completed reload, in  1.101 seconds
Platform modules already initialized, skipping
Refreshing native plugins compatible for Editor in 0.37 ms, found 2 plugins.
Preloading 0 native plugins for Editor in 0.00 ms.
Unloading 1797 Unused Serialized files (Serialized files now loaded: 0)
System memory in use before: 160.2 MB.
System memory in use after: 160.3 MB.

Unloading 8 unused Assets to reduce memory usage. Loaded Objects now: 2269.
Total: 2.081417 ms (FindLiveObjects: 0.269446 ms CreateObjectMapping: 0.081680 ms MarkObjects: 1.714866 ms  DeleteObjects: 0.014083 ms)

========================================================================
Received Import Request.
  Time since last request: 169.569011 seconds.
  path: Assets/Prefabs/Straight.prefab
  artifactKey: Guid(97fceb2d7c54642f9850d6220abaae9b) Importer(815301076,1909f56bfc062723c751e8b465ee728b)
Start importing Assets/Prefabs/Straight.prefab using Guid(97fceb2d7c54642f9850d6220abaae9b) Importer(815301076,1909f56bfc062723c751e8b465ee728b)  -> (artifact id: 'e84b652483e1a4164491442f5cadf625') in 0.077119 seconds
  Import took 0.081136 seconds .

